PairHMM TKF92 with independent site classes over emissions
  - Number of site classes for substitution model: 5
  - Loss function: joint
  - Normalizing losses by: desc_len

2: model init

3: main training loop
New best test loss at epoch 0: 32.884708404541016

4: post-training actions
Regular stopping after 0 full epochs:

Epoch with lowest average test loss ("best epoch"): 0
RE-EVALUATING ALL DATA WITH BEST PARAMS:

SCORING ALL TRAIN SEQS

SCORING ALL TEST SEQS

TRAIN SET:
==========
final_ave_loss: -28866.771484375
final_ave_loss_seqlen_normed: -32.884708404541016
final_perplexity: 8.198822209256468e-14
final_ece: 5.228204987808762e-15

TEST SET:
==========
final_ave_loss: -28866.775390625
final_ave_loss_seqlen_normed: -32.884708404541016
final_perplexity: 8.198822886882826e-14
final_ece: 5.228204987808762e-15
