PairHMM TKF92 with independent site classes over emissions
  - Number of site classes for substitution model: 1
  - Loss function: joint
  - Normalizing losses by: desc_len

2: model init

3: main training loop
New best test loss at epoch 0: 5.888853549957275
New best test loss at epoch 1: 5.88515043258667
New best test loss at epoch 2: 5.881471157073975
New best test loss at epoch 3: 5.877813816070557
New best test loss at epoch 4: 5.874181270599365
New best test loss at epoch 5: 5.870569705963135
New best test loss at epoch 6: 5.866983413696289
New best test loss at epoch 7: 5.8634233474731445
New best test loss at epoch 8: 5.859885215759277
New best test loss at epoch 9: 5.856373310089111
New best test loss at epoch 10: 5.852887153625488
New best test loss at epoch 11: 5.849425792694092
New best test loss at epoch 12: 5.845991611480713
New best test loss at epoch 13: 5.842583179473877
New best test loss at epoch 14: 5.839200019836426
New best test loss at epoch 15: 5.835841655731201
New best test loss at epoch 16: 5.832513332366943
New best test loss at epoch 17: 5.829211235046387
New best test loss at epoch 18: 5.8259358406066895
New best test loss at epoch 19: 5.822684288024902
New best test loss at epoch 20: 5.819462776184082
New best test loss at epoch 21: 5.816268444061279
New best test loss at epoch 22: 5.813100814819336
New best test loss at epoch 23: 5.809960842132568
New best test loss at epoch 24: 5.8068461418151855
New best test loss at epoch 25: 5.803762435913086
New best test loss at epoch 26: 5.800702095031738
New best test loss at epoch 27: 5.797669887542725
New best test loss at epoch 28: 5.7946672439575195
New best test loss at epoch 29: 5.791689395904541
New best test loss at epoch 30: 5.788740158081055
New best test loss at epoch 31: 5.785818099975586
New best test loss at epoch 32: 5.782922744750977
New best test loss at epoch 33: 5.780056953430176
New best test loss at epoch 34: 5.77721643447876
New best test loss at epoch 35: 5.774404525756836
New best test loss at epoch 36: 5.771617412567139
New best test loss at epoch 37: 5.768857479095459
New best test loss at epoch 38: 5.766125679016113
New best test loss at epoch 39: 5.763420581817627
New best test loss at epoch 40: 5.760741233825684
New best test loss at epoch 41: 5.758089542388916
New best test loss at epoch 42: 5.755463123321533
New best test loss at epoch 43: 5.75286340713501
New best test loss at epoch 44: 5.750290393829346
New best test loss at epoch 45: 5.747742652893066
New best test loss at epoch 46: 5.745222091674805
New best test loss at epoch 47: 5.742724895477295
New best test loss at epoch 48: 5.740254878997803
New best test loss at epoch 49: 5.7378106117248535
New best test loss at epoch 50: 5.735389232635498
New best test loss at epoch 51: 5.73299503326416
New best test loss at epoch 52: 5.730626106262207
New best test loss at epoch 53: 5.728280544281006
New best test loss at epoch 54: 5.725958824157715
New best test loss at epoch 55: 5.723663806915283
New best test loss at epoch 56: 5.7213921546936035
New best test loss at epoch 57: 5.719142436981201
New best test loss at epoch 58: 5.716919422149658
New best test loss at epoch 59: 5.714719772338867
New best test loss at epoch 60: 5.712541580200195
New best test loss at epoch 61: 5.710386753082275
New best test loss at epoch 62: 5.708256721496582
New best test loss at epoch 63: 5.706148147583008
New best test loss at epoch 64: 5.704061508178711
New best test loss at epoch 65: 5.701999187469482
New best test loss at epoch 66: 5.699957370758057
New best test loss at epoch 67: 5.697938442230225
New best test loss at epoch 68: 5.695940971374512
New best test loss at epoch 69: 5.693966865539551
New best test loss at epoch 70: 5.692012310028076
New best test loss at epoch 71: 5.690079212188721
New best test loss at epoch 72: 5.688168048858643
New best test loss at epoch 73: 5.686278343200684
New best test loss at epoch 74: 5.684406757354736
New best test loss at epoch 75: 5.682558536529541
New best test loss at epoch 76: 5.680729389190674
New best test loss at epoch 77: 5.678921699523926
New best test loss at epoch 78: 5.677133083343506
New best test loss at epoch 79: 5.675363063812256
New best test loss at epoch 80: 5.673614025115967
New best test loss at epoch 81: 5.6718831062316895
New best test loss at epoch 82: 5.670170783996582
New best test loss at epoch 83: 5.668478965759277
New best test loss at epoch 84: 5.666806221008301
New best test loss at epoch 85: 5.665151596069336
New best test loss at epoch 86: 5.663516044616699
New best test loss at epoch 87: 5.661899089813232
New best test loss at epoch 88: 5.660299301147461
New best test loss at epoch 89: 5.658716678619385
New best test loss at epoch 90: 5.657153129577637
New best test loss at epoch 91: 5.655605792999268
New best test loss at epoch 92: 5.654077053070068
New best test loss at epoch 93: 5.65256404876709
New best test loss at epoch 94: 5.6510701179504395
New best test loss at epoch 95: 5.64959192276001
New best test loss at epoch 96: 5.648130416870117
New best test loss at epoch 97: 5.646685600280762
New best test loss at epoch 98: 5.64525842666626
New best test loss at epoch 99: 5.643846035003662
New best test loss at epoch 100: 5.64245080947876
New best test loss at epoch 101: 5.641068935394287
New best test loss at epoch 102: 5.63970422744751
New best test loss at epoch 103: 5.638355731964111
New best test loss at epoch 104: 5.637021064758301
New best test loss at epoch 105: 5.635703086853027
New best test loss at epoch 106: 5.634398937225342
New best test loss at epoch 107: 5.633110523223877
New best test loss at epoch 108: 5.631836414337158
New best test loss at epoch 109: 5.630575180053711
New best test loss at epoch 110: 5.629330635070801
New best test loss at epoch 111: 5.62809944152832
New best test loss at epoch 112: 5.6268815994262695
New best test loss at epoch 113: 5.625678539276123
New best test loss at epoch 114: 5.624491214752197
New best test loss at epoch 115: 5.623314380645752
New best test loss at epoch 116: 5.622151851654053
New best test loss at epoch 117: 5.621002674102783
New best test loss at epoch 118: 5.619867324829102
New best test loss at epoch 119: 5.618744850158691
New best test loss at epoch 120: 5.61763334274292
New best test loss at epoch 121: 5.6165385246276855
New best test loss at epoch 122: 5.615453243255615
New best test loss at epoch 123: 5.614380359649658
New best test loss at epoch 124: 5.613320827484131
New best test loss at epoch 125: 5.612274646759033
New best test loss at epoch 126: 5.6112380027771
New best test loss at epoch 127: 5.610213279724121
New best test loss at epoch 128: 5.609201908111572
New best test loss at epoch 129: 5.608201503753662
New best test loss at epoch 130: 5.607213973999023
New best test loss at epoch 131: 5.606235027313232
New best test loss at epoch 132: 5.605269908905029
New best test loss at epoch 133: 5.604314804077148
New best test loss at epoch 134: 5.6033711433410645
New best test loss at epoch 135: 5.602437496185303
New best test loss at epoch 136: 5.601513862609863
New best test loss at epoch 137: 5.600602626800537
New best test loss at epoch 138: 5.599699020385742
New best test loss at epoch 139: 5.598809719085693
New best test loss at epoch 140: 5.597928524017334
New best test loss at epoch 141: 5.597058296203613
New best test loss at epoch 142: 5.596196174621582
New best test loss at epoch 143: 5.5953450202941895
New best test loss at epoch 144: 5.5945048332214355
New best test loss at epoch 145: 5.593671798706055
New best test loss at epoch 146: 5.592849254608154
New best test loss at epoch 147: 5.592037677764893
New best test loss at epoch 148: 5.591233730316162
New best test loss at epoch 149: 5.590439796447754
New best test loss at epoch 150: 5.58965539932251
New best test loss at epoch 151: 5.588879585266113
New best test loss at epoch 152: 5.58811092376709
New best test loss at epoch 153: 5.587353229522705
New best test loss at epoch 154: 5.586602687835693
New best test loss at epoch 155: 5.585862636566162
New best test loss at epoch 156: 5.585130214691162
New best test loss at epoch 157: 5.584404945373535
New best test loss at epoch 158: 5.583689212799072
New best test loss at epoch 159: 5.582980632781982
New best test loss at epoch 160: 5.582280158996582
New best test loss at epoch 161: 5.581587314605713
New best test loss at epoch 162: 5.58090353012085
New best test loss at epoch 163: 5.580227375030518
New best test loss at epoch 164: 5.579558372497559
New best test loss at epoch 165: 5.578897953033447
New best test loss at epoch 166: 5.578242778778076
New best test loss at epoch 167: 5.577597141265869
New best test loss at epoch 168: 5.576958656311035
New best test loss at epoch 169: 5.5763258934021
New best test loss at epoch 170: 5.575703144073486
New best test loss at epoch 171: 5.575083255767822
New best test loss at epoch 172: 5.574471950531006
New best test loss at epoch 173: 5.5738701820373535
New best test loss at epoch 174: 5.573271751403809
New best test loss at epoch 175: 5.572683334350586
New best test loss at epoch 176: 5.572096347808838
New best test loss at epoch 177: 5.5715203285217285
New best test loss at epoch 178: 5.570950031280518
New best test loss at epoch 179: 5.57038688659668
New best test loss at epoch 180: 5.569828987121582
New best test loss at epoch 181: 5.569275856018066
New best test loss at epoch 182: 5.568732261657715
New best test loss at epoch 183: 5.568192958831787
New best test loss at epoch 184: 5.567658424377441
New best test loss at epoch 185: 5.5671305656433105
New best test loss at epoch 186: 5.5666093826293945
New best test loss at epoch 187: 5.566092491149902
New best test loss at epoch 188: 5.565583229064941
New best test loss at epoch 189: 5.565077781677246
New best test loss at epoch 190: 5.56458044052124
New best test loss at epoch 191: 5.564085960388184
New best test loss at epoch 192: 5.563599109649658
New best test loss at epoch 193: 5.56311559677124
New best test loss at epoch 194: 5.5626397132873535
New best test loss at epoch 195: 5.562167167663574
New best test loss at epoch 196: 5.561700344085693
New best test loss at epoch 197: 5.5612382888793945
New best test loss at epoch 198: 5.560781478881836
New best test loss at epoch 199: 5.560329914093018
New best test loss at epoch 200: 5.559884548187256
New best test loss at epoch 201: 5.559442520141602
New best test loss at epoch 202: 5.559005260467529
New best test loss at epoch 203: 5.558572292327881
New best test loss at epoch 204: 5.558145523071289
New best test loss at epoch 205: 5.557723045349121
New best test loss at epoch 206: 5.557303428649902
New best test loss at epoch 207: 5.556891441345215
New best test loss at epoch 208: 5.556482315063477
New best test loss at epoch 209: 5.556075572967529
New best test loss at epoch 210: 5.55567741394043
New best test loss at epoch 211: 5.555280685424805
New best test loss at epoch 212: 5.5548882484436035
New best test loss at epoch 213: 5.554502487182617
New best test loss at epoch 214: 5.554118633270264
New best test loss at epoch 215: 5.553738594055176
New best test loss at epoch 216: 5.5533647537231445
New best test loss at epoch 217: 5.552992820739746
New best test loss at epoch 218: 5.552623271942139
New best test loss at epoch 219: 5.552261829376221
New best test loss at epoch 220: 5.551901817321777
New best test loss at epoch 221: 5.551546573638916
New best test loss at epoch 222: 5.5511956214904785
New best test loss at epoch 223: 5.550848007202148
New best test loss at epoch 224: 5.550502300262451
New best test loss at epoch 225: 5.550161838531494
New best test loss at epoch 226: 5.549825668334961
New best test loss at epoch 227: 5.549490928649902
New best test loss at epoch 228: 5.549161911010742
New best test loss at epoch 229: 5.548834323883057
New best test loss at epoch 230: 5.5485124588012695
New best test loss at epoch 231: 5.548192024230957
New best test loss at epoch 232: 5.547876358032227
New best test loss at epoch 233: 5.547562122344971
New best test loss at epoch 234: 5.5472517013549805
New best test loss at epoch 235: 5.546945095062256
New best test loss at epoch 236: 5.5466413497924805
New best test loss at epoch 237: 5.546342372894287
New best test loss at epoch 238: 5.546045780181885
New best test loss at epoch 239: 5.545751094818115
New best test loss at epoch 240: 5.545459270477295
New best test loss at epoch 241: 5.545172214508057
New best test loss at epoch 242: 5.544887065887451
New best test loss at epoch 243: 5.544604778289795
New best test loss at epoch 244: 5.54432487487793
New best test loss at epoch 245: 5.544050216674805
New best test loss at epoch 246: 5.54377555847168
New best test loss at epoch 247: 5.5435051918029785
New best test loss at epoch 248: 5.543237686157227
New best test loss at epoch 249: 5.542972087860107
New best test loss at epoch 250: 5.542709827423096
New best test loss at epoch 251: 5.542449474334717
New best test loss at epoch 252: 5.542191982269287
New best test loss at epoch 253: 5.541937828063965
New best test loss at epoch 254: 5.541684150695801
New best test loss at epoch 255: 5.541434288024902
New best test loss at epoch 256: 5.5411882400512695
New best test loss at epoch 257: 5.540943622589111
New best test loss at epoch 258: 5.540701866149902
New best test loss at epoch 259: 5.540462017059326
New best test loss at epoch 260: 5.540225028991699
New best test loss at epoch 261: 5.539990425109863
New best test loss at epoch 262: 5.539757251739502
New best test loss at epoch 263: 5.539527416229248
New best test loss at epoch 264: 5.539299488067627
New best test loss at epoch 265: 5.539073467254639
New best test loss at epoch 266: 5.5388503074646
New best test loss at epoch 267: 5.538629055023193
New best test loss at epoch 268: 5.538410663604736
New best test loss at epoch 269: 5.538193225860596
New best test loss at epoch 270: 5.537979602813721
New best test loss at epoch 271: 5.537766456604004
New best test loss at epoch 272: 5.537554740905762
New best test loss at epoch 273: 5.537346363067627
New best test loss at epoch 274: 5.537139415740967
New best test loss at epoch 275: 5.536937236785889
New best test loss at epoch 276: 5.536733627319336
New best test loss at epoch 277: 5.536532878875732
New best test loss at epoch 278: 5.53633451461792
New best test loss at epoch 279: 5.53613805770874
New best test loss at epoch 280: 5.535943984985352
New best test loss at epoch 281: 5.535750865936279
New best test loss at epoch 282: 5.53555965423584
New best test loss at epoch 283: 5.535370826721191
New best test loss at epoch 284: 5.535183906555176
New best test loss at epoch 285: 5.534997463226318
New best test loss at epoch 286: 5.5348124504089355
New best test loss at epoch 287: 5.534631252288818
New best test loss at epoch 288: 5.534451007843018
New best test loss at epoch 289: 5.53427267074585
New best test loss at epoch 290: 5.5340962409973145
New best test loss at epoch 291: 5.533920764923096
New best test loss at epoch 292: 5.53374719619751
New best test loss at epoch 293: 5.533576011657715
New best test loss at epoch 294: 5.533405780792236
New best test loss at epoch 295: 5.533236503601074
New best test loss at epoch 296: 5.533069133758545
New best test loss at epoch 297: 5.53290319442749
New best test loss at epoch 298: 5.532740592956543
New best test loss at epoch 299: 5.532577037811279
New best test loss at epoch 300: 5.5324177742004395
New best test loss at epoch 301: 5.5322585105896
New best test loss at epoch 302: 5.532099723815918
New best test loss at epoch 303: 5.5319437980651855
New best test loss at epoch 304: 5.531790256500244
New best test loss at epoch 305: 5.5316362380981445
New best test loss at epoch 306: 5.531483173370361
New best test loss at epoch 307: 5.5313334465026855
New best test loss at epoch 308: 5.53118371963501
New best test loss at epoch 309: 5.531036853790283
New best test loss at epoch 310: 5.530887126922607
New best test loss at epoch 311: 5.530744552612305
New best test loss at epoch 312: 5.530600547790527
New best test loss at epoch 313: 5.530458450317383
New best test loss at epoch 314: 5.530317306518555
New best test loss at epoch 315: 5.530177116394043
New best test loss at epoch 316: 5.5300397872924805
New best test loss at epoch 317: 5.529902458190918
New best test loss at epoch 318: 5.529765605926514
New best test loss at epoch 319: 5.529630184173584
New best test loss at epoch 320: 5.529498100280762
New best test loss at epoch 321: 5.529364585876465
New best test loss at epoch 322: 5.529234409332275
New best test loss at epoch 323: 5.5291032791137695
New best test loss at epoch 324: 5.528975486755371
New best test loss at epoch 325: 5.528848171234131
New best test loss at epoch 326: 5.528721809387207
New best test loss at epoch 327: 5.528595924377441
New best test loss at epoch 328: 5.528472423553467
New best test loss at epoch 329: 5.528347969055176
New best test loss at epoch 330: 5.52822732925415
New best test loss at epoch 331: 5.528107166290283
New best test loss at epoch 332: 5.527985572814941
New best test loss at epoch 333: 5.527867794036865
New best test loss at epoch 334: 5.527750492095947
New best test loss at epoch 335: 5.527634143829346
New best test loss at epoch 336: 5.527518272399902
New best test loss at epoch 337: 5.527402877807617
New best test loss at epoch 338: 5.527291774749756
New best test loss at epoch 339: 5.527176380157471
New best test loss at epoch 340: 5.527067184448242
New best test loss at epoch 341: 5.5269551277160645
New best test loss at epoch 342: 5.526846408843994
New best test loss at epoch 343: 5.526736259460449
New best test loss at epoch 344: 5.52662992477417
New best test loss at epoch 345: 5.526523113250732
New best test loss at epoch 346: 5.5264177322387695
New best test loss at epoch 347: 5.526313304901123
New best test loss at epoch 348: 5.52620792388916
New best test loss at epoch 349: 5.526105880737305
New best test loss at epoch 350: 5.526004314422607
New best test loss at epoch 351: 5.525903701782227
New best test loss at epoch 352: 5.525801658630371
New best test loss at epoch 353: 5.525702953338623
New best test loss at epoch 354: 5.525603294372559
New best test loss at epoch 355: 5.525506973266602
New best test loss at epoch 356: 5.525410175323486
New best test loss at epoch 357: 5.525313377380371
New best test loss at epoch 358: 5.525218486785889
New best test loss at epoch 359: 5.525125026702881
New best test loss at epoch 360: 5.525030612945557
New best test loss at epoch 361: 5.524938583374023
New best test loss at epoch 362: 5.524844646453857
New best test loss at epoch 363: 5.524754047393799
New best test loss at epoch 364: 5.524663925170898
New best test loss at epoch 365: 5.5245747566223145
New best test loss at epoch 366: 5.524486064910889
New best test loss at epoch 367: 5.524397850036621
New best test loss at epoch 368: 5.52431058883667
New best test loss at epoch 369: 5.524225234985352
New best test loss at epoch 370: 5.5241379737854
New best test loss at epoch 371: 5.524054050445557
New best test loss at epoch 372: 5.523969650268555
New best test loss at epoch 373: 5.523886680603027
New best test loss at epoch 374: 5.523802280426025
New best test loss at epoch 375: 5.523719310760498
New best test loss at epoch 376: 5.523636341094971
New best test loss at epoch 377: 5.523557662963867
New best test loss at epoch 378: 5.523477077484131
New best test loss at epoch 379: 5.523396968841553
New best test loss at epoch 380: 5.523316860198975
New best test loss at epoch 381: 5.523240566253662
New best test loss at epoch 382: 5.52316427230835
New best test loss at epoch 383: 5.523085594177246
New best test loss at epoch 384: 5.523009777069092
New best test loss at epoch 385: 5.522933006286621
New best test loss at epoch 386: 5.5228590965271
New best test loss at epoch 387: 5.52278470993042
New best test loss at epoch 388: 5.522711753845215
New best test loss at epoch 389: 5.52263879776001
New best test loss at epoch 390: 5.522564888000488
New best test loss at epoch 391: 5.522493839263916
New best test loss at epoch 392: 5.522423267364502
New best test loss at epoch 393: 5.522351264953613
New best test loss at epoch 394: 5.522282123565674
New best test loss at epoch 395: 5.52221155166626
New best test loss at epoch 396: 5.5221428871154785
New best test loss at epoch 397: 5.522074222564697
New best test loss at epoch 398: 5.5220046043396
New best test loss at epoch 399: 5.521937847137451
New best test loss at epoch 400: 5.521871566772461
New best test loss at epoch 401: 5.521805763244629
New best test loss at epoch 402: 5.521739482879639
New best test loss at epoch 403: 5.5216755867004395
New best test loss at epoch 404: 5.521609783172607
New best test loss at epoch 405: 5.521546840667725
New best test loss at epoch 406: 5.521482467651367
New best test loss at epoch 407: 5.521420478820801
New best test loss at epoch 408: 5.52135705947876
New best test loss at epoch 409: 5.521295070648193
New best test loss at epoch 410: 5.521233081817627
New best test loss at epoch 411: 5.521172046661377
New best test loss at epoch 412: 5.521111965179443
New best test loss at epoch 413: 5.521050930023193
New best test loss at epoch 414: 5.520992755889893
New best test loss at epoch 415: 5.520931720733643
New best test loss at epoch 416: 5.520874500274658
New best test loss at epoch 417: 5.520815849304199
New best test loss at epoch 418: 5.520758628845215
New best test loss at epoch 419: 5.520700931549072
New best test loss at epoch 420: 5.520644187927246
New best test loss at epoch 421: 5.52058744430542
New best test loss at epoch 422: 5.520531177520752
New best test loss at epoch 423: 5.5204758644104
New best test loss at epoch 424: 5.520420551300049
New best test loss at epoch 425: 5.520364761352539
New best test loss at epoch 426: 5.520310878753662
New best test loss at epoch 427: 5.52025842666626
New best test loss at epoch 428: 5.520204067230225
New best test loss at epoch 429: 5.520150184631348
New best test loss at epoch 430: 5.520097732543945
New best test loss at epoch 431: 5.520045757293701
New best test loss at epoch 432: 5.519993782043457
New best test loss at epoch 433: 5.519942283630371
New best test loss at epoch 434: 5.519891262054443
New best test loss at epoch 435: 5.519840717315674
New best test loss at epoch 436: 5.519791126251221
New best test loss at epoch 437: 5.519742965698242
New best test loss at epoch 438: 5.5196919441223145
New best test loss at epoch 439: 5.5196428298950195
New best test loss at epoch 440: 5.519594669342041
New best test loss at epoch 441: 5.519545555114746
New best test loss at epoch 442: 5.519497871398926
New best test loss at epoch 443: 5.519449710845947
New best test loss at epoch 444: 5.519402980804443
New best test loss at epoch 445: 5.519354820251465
New best test loss at epoch 446: 5.519308567047119
New best test loss at epoch 447: 5.51926326751709
New best test loss at epoch 448: 5.519216060638428
New best test loss at epoch 449: 5.519171714782715
New best test loss at epoch 450: 5.5191264152526855
New best test loss at epoch 451: 5.519082546234131
New best test loss at epoch 452: 5.519038200378418
New best test loss at epoch 453: 5.518994331359863
New best test loss at epoch 454: 5.518949508666992
New best test loss at epoch 455: 5.518906116485596
New best test loss at epoch 456: 5.518863201141357
New best test loss at epoch 457: 5.518818378448486
New best test loss at epoch 458: 5.5187764167785645
New best test loss at epoch 459: 5.518733501434326
New best test loss at epoch 460: 5.518693447113037
New best test loss at epoch 461: 5.518651008605957
New best test loss at epoch 462: 5.518609523773193
New best test loss at epoch 463: 5.51856803894043
New best test loss at epoch 464: 5.518528461456299
New best test loss at epoch 465: 5.518487453460693
New best test loss at epoch 466: 5.518448352813721
New best test loss at epoch 467: 5.518407344818115
New best test loss at epoch 468: 5.518367290496826
New best test loss at epoch 469: 5.5183281898498535
New best test loss at epoch 470: 5.518289566040039
New best test loss at epoch 471: 5.518250465393066
New best test loss at epoch 472: 5.518212795257568
New best test loss at epoch 473: 5.518173694610596
New best test loss at epoch 474: 5.5181355476379395
New best test loss at epoch 475: 5.518095970153809
New best test loss at epoch 476: 5.518060207366943
New best test loss at epoch 477: 5.518023490905762
New best test loss at epoch 478: 5.517985820770264
New best test loss at epoch 479: 5.517949104309082
New best test loss at epoch 480: 5.517913341522217
New best test loss at epoch 481: 5.51787805557251
New best test loss at epoch 482: 5.5178422927856445
New best test loss at epoch 483: 5.517805099487305
New best test loss at epoch 484: 5.517770290374756
New best test loss at epoch 485: 5.517735004425049
New best test loss at epoch 486: 5.517700672149658
New best test loss at epoch 487: 5.517665386199951
New best test loss at epoch 488: 5.517630577087402
New best test loss at epoch 489: 5.5175957679748535
New best test loss at epoch 490: 5.517562389373779
New best test loss at epoch 491: 5.517528057098389
New best test loss at epoch 492: 5.517495632171631
New best test loss at epoch 493: 5.517462730407715
New best test loss at epoch 494: 5.517428874969482
New best test loss at epoch 495: 5.517395973205566
New best test loss at epoch 496: 5.517362594604492
New best test loss at epoch 497: 5.517329692840576
New best test loss at epoch 498: 5.517298221588135
New best test loss at epoch 499: 5.517266273498535
New best test loss at epoch 500: 5.517233848571777
New best test loss at epoch 501: 5.517203330993652
New best test loss at epoch 502: 5.517172813415527
New best test loss at epoch 503: 5.5171403884887695
New best test loss at epoch 504: 5.517110824584961
New best test loss at epoch 505: 5.517077922821045
New best test loss at epoch 506: 5.5170488357543945
New best test loss at epoch 507: 5.5170183181762695
New best test loss at epoch 508: 5.516985893249512
New best test loss at epoch 509: 5.516958236694336
New best test loss at epoch 510: 5.516928672790527
New best test loss at epoch 511: 5.516898155212402
New best test loss at epoch 512: 5.516869068145752
New best test loss at epoch 513: 5.516839981079102
New best test loss at epoch 514: 5.516810894012451
New best test loss at epoch 515: 5.516781806945801
New best test loss at epoch 516: 5.516753196716309
New best test loss at epoch 517: 5.516725063323975
New best test loss at epoch 518: 5.516697883605957
New best test loss at epoch 519: 5.516668796539307
New best test loss at epoch 520: 5.516641139984131
New best test loss at epoch 521: 5.516612529754639
New best test loss at epoch 522: 5.516584396362305
New best test loss at epoch 523: 5.516557216644287
New best test loss at epoch 524: 5.516530513763428
New best test loss at epoch 525: 5.516504764556885
New best test loss at epoch 526: 5.516479015350342
New best test loss at epoch 527: 5.516451358795166
New best test loss at epoch 528: 5.516424179077148
New best test loss at epoch 529: 5.5163984298706055
New best test loss at epoch 530: 5.516371250152588
New best test loss at epoch 531: 5.5163469314575195
New best test loss at epoch 532: 5.516319751739502
New best test loss at epoch 533: 5.516294956207275
New best test loss at epoch 534: 5.516269207000732
New best test loss at epoch 535: 5.516244411468506
New best test loss at epoch 536: 5.516219139099121
New best test loss at epoch 537: 5.516195297241211
New best test loss at epoch 538: 5.51616907119751
New best test loss at epoch 539: 5.516144752502441
New best test loss at epoch 540: 5.5161213874816895
New best test loss at epoch 541: 5.5160956382751465
New best test loss at epoch 542: 5.516070365905762
New best test loss at epoch 543: 5.516046047210693
New best test loss at epoch 544: 5.516022205352783
New best test loss at epoch 545: 5.515999794006348
New best test loss at epoch 546: 5.515974998474121
New best test loss at epoch 547: 5.515951156616211
New best test loss at epoch 548: 5.515928268432617
New best test loss at epoch 549: 5.515904903411865
New best test loss at epoch 550: 5.515881061553955
New best test loss at epoch 551: 5.5158586502075195
New best test loss at epoch 552: 5.515835762023926
New best test loss at epoch 553: 5.515813827514648
New best test loss at epoch 554: 5.515790939331055
New best test loss at epoch 555: 5.515768527984619
New best test loss at epoch 556: 5.515745162963867
New best test loss at epoch 557: 5.51572322845459
New best test loss at epoch 558: 5.515701770782471
New best test loss at epoch 559: 5.515679359436035
New best test loss at epoch 560: 5.515657424926758
New best test loss at epoch 561: 5.515635967254639
New best test loss at epoch 562: 5.5156145095825195
New best test loss at epoch 563: 5.515594005584717
New best test loss at epoch 564: 5.5155720710754395
New best test loss at epoch 565: 5.515550136566162
New best test loss at epoch 566: 5.515530109405518
New best test loss at epoch 567: 5.51550817489624
New best test loss at epoch 568: 5.515488147735596
New best test loss at epoch 569: 5.515468120574951
New best test loss at epoch 570: 5.515446662902832
New best test loss at epoch 571: 5.515427589416504
New best test loss at epoch 572: 5.515405654907227
New best test loss at epoch 573: 5.515385627746582
New best test loss at epoch 574: 5.515366077423096
New best test loss at epoch 575: 5.515346050262451
New best test loss at epoch 576: 5.515326023101807
New best test loss at epoch 577: 5.5153069496154785
New best test loss at epoch 578: 5.515286922454834
New best test loss at epoch 579: 5.515267848968506
New best test loss at epoch 580: 5.5152482986450195
New best test loss at epoch 581: 5.515227794647217
New best test loss at epoch 582: 5.515210151672363
New best test loss at epoch 583: 5.515191555023193
New best test loss at epoch 584: 5.515171527862549
New best test loss at epoch 585: 5.515152454376221
New best test loss at epoch 586: 5.515134811401367
New best test loss at epoch 587: 5.5151143074035645
New best test loss at epoch 588: 5.515096187591553
New best test loss at epoch 589: 5.515078544616699
New best test loss at epoch 590: 5.515059471130371
New best test loss at epoch 591: 5.515041828155518
New best test loss at epoch 592: 5.515024662017822
New best test loss at epoch 593: 5.515006065368652
New best test loss at epoch 594: 5.514988422393799
New best test loss at epoch 595: 5.514970302581787
New best test loss at epoch 596: 5.514950752258301
New best test loss at epoch 597: 5.514935493469238
New best test loss at epoch 598: 5.514917850494385
New best test loss at epoch 599: 5.514899253845215
New best test loss at epoch 600: 5.514883041381836
New best test loss at epoch 601: 5.514866352081299
New best test loss at epoch 602: 5.514848232269287
New best test loss at epoch 603: 5.514832019805908
New best test loss at epoch 604: 5.514813423156738
New best test loss at epoch 605: 5.514798641204834
New best test loss at epoch 606: 5.5147809982299805
New best test loss at epoch 607: 5.514764308929443
New best test loss at epoch 608: 5.514747142791748
New best test loss at epoch 609: 5.5147318840026855
New best test loss at epoch 610: 5.514715194702148
New best test loss at epoch 611: 5.514697551727295
New best test loss at epoch 612: 5.514682292938232
New best test loss at epoch 613: 5.514667987823486
New best test loss at epoch 614: 5.514650344848633
New best test loss at epoch 615: 5.514634609222412
New best test loss at epoch 616: 5.514619827270508
New best test loss at epoch 617: 5.514604091644287
New best test loss at epoch 618: 5.514588356018066
New best test loss at epoch 619: 5.514572620391846
New best test loss at epoch 620: 5.51455545425415
New best test loss at epoch 621: 5.514540672302246
New best test loss at epoch 622: 5.514526844024658
New best test loss at epoch 623: 5.514511585235596
New best test loss at epoch 624: 5.514496326446533
New best test loss at epoch 625: 5.514480113983154
New best test loss at epoch 626: 5.514465808868408
New best test loss at epoch 627: 5.514451026916504
New best test loss at epoch 628: 5.514435291290283
New best test loss at epoch 629: 5.514420032501221
New best test loss at epoch 630: 5.514405250549316
New best test loss at epoch 631: 5.514391899108887
New best test loss at epoch 632: 5.514378547668457
New best test loss at epoch 633: 5.5143632888793945
New best test loss at epoch 634: 5.514347553253174
New best test loss at epoch 635: 5.514334678649902
New best test loss at epoch 636: 5.514318943023682
New best test loss at epoch 637: 5.5143046379089355
New best test loss at epoch 638: 5.514291286468506
New best test loss at epoch 639: 5.514276027679443
New best test loss at epoch 640: 5.514262676239014
New best test loss at epoch 641: 5.514248847961426
New best test loss at epoch 642: 5.514235973358154
New best test loss at epoch 643: 5.514222621917725
New best test loss at epoch 644: 5.514209270477295
New best test loss at epoch 645: 5.514195442199707
New best test loss at epoch 646: 5.514180660247803
New best test loss at epoch 647: 5.514168739318848
New best test loss at epoch 648: 5.514153957366943
New best test loss at epoch 649: 5.514140605926514
New best test loss at epoch 650: 5.514127731323242
New best test loss at epoch 651: 5.514113426208496
New best test loss at epoch 652: 5.514101505279541
New best test loss at epoch 653: 5.514087200164795
New best test loss at epoch 654: 5.514074802398682
New best test loss at epoch 655: 5.514061450958252
New best test loss at epoch 656: 5.514049053192139
New best test loss at epoch 657: 5.514037132263184
New best test loss at epoch 658: 5.514023303985596
New best test loss at epoch 659: 5.514009952545166
New best test loss at epoch 660: 5.513998031616211
New best test loss at epoch 661: 5.513987064361572
New best test loss at epoch 662: 5.513974189758301
New best test loss at epoch 663: 5.513962268829346
New best test loss at epoch 664: 5.513949394226074
New best test loss at epoch 665: 5.513936519622803
New best test loss at epoch 666: 5.513922691345215
New best test loss at epoch 667: 5.513913154602051
New best test loss at epoch 668: 5.513900279998779
New best test loss at epoch 669: 5.513888835906982
New best test loss at epoch 670: 5.513876914978027
New best test loss at epoch 671: 5.513864040374756
New best test loss at epoch 672: 5.513852119445801
New best test loss at epoch 673: 5.513841152191162
New best test loss at epoch 674: 5.513829708099365
New best test loss at epoch 675: 5.513819217681885
New best test loss at epoch 676: 5.51380729675293
New best test loss at epoch 677: 5.513795852661133
New best test loss at epoch 678: 5.513785362243652
New best test loss at epoch 679: 5.513773441314697
New best test loss at epoch 680: 5.513761520385742
New best test loss at epoch 681: 5.513749599456787
New best test loss at epoch 682: 5.513737678527832
New best test loss at epoch 683: 5.513726711273193
New best test loss at epoch 684: 5.513715744018555
New best test loss at epoch 685: 5.513703346252441
New best test loss at epoch 686: 5.513693809509277
New best test loss at epoch 687: 5.513682842254639
New best test loss at epoch 688: 5.513672351837158
New best test loss at epoch 689: 5.513662338256836
New best test loss at epoch 690: 5.513649940490723
New best test loss at epoch 691: 5.513639450073242
New best test loss at epoch 692: 5.513628005981445
New best test loss at epoch 693: 5.513616561889648
New best test loss at epoch 694: 5.513607978820801
New best test loss at epoch 695: 5.513597011566162
New best test loss at epoch 696: 5.513587474822998
New best test loss at epoch 697: 5.513576030731201
New best test loss at epoch 698: 5.513566493988037
New best test loss at epoch 699: 5.513554573059082
New best test loss at epoch 700: 5.513545513153076
New best test loss at epoch 701: 5.513535976409912
New best test loss at epoch 702: 5.513525485992432
New best test loss at epoch 703: 5.513515949249268
New best test loss at epoch 704: 5.513504505157471
New best test loss at epoch 705: 5.513494491577148
New best test loss at epoch 706: 5.513484477996826
New best test loss at epoch 707: 5.513474464416504
New best test loss at epoch 708: 5.513463973999023
New best test loss at epoch 709: 5.513454914093018
New best test loss at epoch 710: 5.513444423675537
New best test loss at epoch 711: 5.513434886932373
New best test loss at epoch 712: 5.513426303863525
New best test loss at epoch 713: 5.513415813446045
New best test loss at epoch 714: 5.513406276702881
New best test loss at epoch 715: 5.513396263122559
New best test loss at epoch 716: 5.5133867263793945
New best test loss at epoch 717: 5.513376235961914
New best test loss at epoch 718: 5.513365745544434
New best test loss at epoch 719: 5.513357162475586
New best test loss at epoch 720: 5.513348579406738
New best test loss at epoch 721: 5.513339519500732
New best test loss at epoch 722: 5.513329982757568
New best test loss at epoch 723: 5.513320446014404
New best test loss at epoch 724: 5.513312339782715
New best test loss at epoch 725: 5.513302326202393
New best test loss at epoch 726: 5.5132927894592285
New best test loss at epoch 727: 5.513283729553223
New best test loss at epoch 728: 5.513275623321533
New best test loss at epoch 729: 5.513266563415527
New best test loss at epoch 730: 5.51325798034668
New best test loss at epoch 731: 5.513247966766357
New best test loss at epoch 732: 5.51323938369751
New best test loss at epoch 733: 5.513230800628662
New best test loss at epoch 734: 5.51322078704834
New best test loss at epoch 735: 5.513212203979492
New best test loss at epoch 736: 5.5132036209106445
New best test loss at epoch 737: 5.513195991516113
New best test loss at epoch 738: 5.513186931610107
New best test loss at epoch 739: 5.51317834854126
New best test loss at epoch 740: 5.513169765472412
New best test loss at epoch 741: 5.5131611824035645
New best test loss at epoch 742: 5.513153553009033
New best test loss at epoch 743: 5.513144493103027
New best test loss at epoch 744: 5.51313591003418
New best test loss at epoch 745: 5.513126850128174
New best test loss at epoch 746: 5.513118267059326
New best test loss at epoch 747: 5.513110160827637
New best test loss at epoch 748: 5.513102054595947
New best test loss at epoch 749: 5.513093948364258
New best test loss at epoch 750: 5.513085842132568
New best test loss at epoch 751: 5.513077735900879
New best test loss at epoch 752: 5.513070583343506
New best test loss at epoch 753: 5.513061046600342
New best test loss at epoch 754: 5.513052940368652
New best test loss at epoch 755: 5.513044834136963
New best test loss at epoch 756: 5.513036727905273
New best test loss at epoch 757: 5.513030052185059
New best test loss at epoch 758: 5.513021945953369
New best test loss at epoch 759: 5.51301383972168
New best test loss at epoch 760: 5.513006210327148
New best test loss at epoch 761: 5.512998104095459
New best test loss at epoch 762: 5.512990951538086
New best test loss at epoch 763: 5.5129828453063965
New best test loss at epoch 764: 5.512975215911865
New best test loss at epoch 765: 5.512967586517334
New best test loss at epoch 766: 5.5129594802856445
New best test loss at epoch 767: 5.512950420379639
New best test loss at epoch 768: 5.512944221496582
New best test loss at epoch 769: 5.512936592102051
New best test loss at epoch 770: 5.5129289627075195
New best test loss at epoch 771: 5.51292085647583
New best test loss at epoch 772: 5.512913703918457
New best test loss at epoch 773: 5.512906074523926
New best test loss at epoch 774: 5.512899398803711
New best test loss at epoch 775: 5.51289176940918
New best test loss at epoch 776: 5.512884616851807
New best test loss at epoch 777: 5.512877464294434
New best test loss at epoch 778: 5.512868881225586
New best test loss at epoch 779: 5.512861728668213
New best test loss at epoch 780: 5.5128560066223145
New best test loss at epoch 781: 5.512848377227783
New best test loss at epoch 782: 5.512840747833252
New best test loss at epoch 783: 5.512834072113037
New best test loss at epoch 784: 5.512826919555664
New best test loss at epoch 785: 5.512818813323975
New best test loss at epoch 786: 5.512813091278076
New best test loss at epoch 787: 5.512805461883545
New best test loss at epoch 788: 5.512799263000488
New best test loss at epoch 789: 5.512792587280273
New best test loss at epoch 790: 5.512785911560059
New best test loss at epoch 791: 5.512779712677002
New best test loss at epoch 792: 5.512772083282471
New best test loss at epoch 793: 5.5127644538879395
New best test loss at epoch 794: 5.512757778167725
New best test loss at epoch 795: 5.512752056121826
New best test loss at epoch 796: 5.512744426727295
New best test loss at epoch 797: 5.512739181518555
New best test loss at epoch 798: 5.512731552124023
New best test loss at epoch 799: 5.51272439956665
New best test loss at epoch 800: 5.512717247009277
New best test loss at epoch 801: 5.512712001800537
New best test loss at epoch 802: 5.512704849243164
New best test loss at epoch 803: 5.512697696685791
New best test loss at epoch 804: 5.512691020965576
New best test loss at epoch 805: 5.5126848220825195
New best test loss at epoch 806: 5.512678146362305
New best test loss at epoch 807: 5.512670516967773
New best test loss at epoch 808: 5.512665271759033
New best test loss at epoch 809: 5.512658596038818
New best test loss at epoch 810: 5.51265287399292
New best test loss at epoch 811: 5.512646675109863
New best test loss at epoch 812: 5.512639045715332
New best test loss at epoch 813: 5.512633323669434
New best test loss at epoch 814: 5.512627601623535
New best test loss at epoch 815: 5.512621879577637
New best test loss at epoch 816: 5.512614727020264
New best test loss at epoch 817: 5.51261043548584
New best test loss at epoch 818: 5.51260232925415
New best test loss at epoch 819: 5.512596607208252
New best test loss at epoch 820: 5.512590408325195
New best test loss at epoch 821: 5.512584209442139
New best test loss at epoch 822: 5.512578964233398
New best test loss at epoch 823: 5.512573719024658
New best test loss at epoch 824: 5.512566566467285
New best test loss at epoch 825: 5.512560844421387
New best test loss at epoch 826: 5.512553691864014
New best test loss at epoch 827: 5.512547492980957
New best test loss at epoch 828: 5.512542247772217
New best test loss at epoch 829: 5.512536525726318
New best test loss at epoch 830: 5.512529373168945
New best test loss at epoch 831: 5.5125250816345215
New best test loss at epoch 832: 5.5125203132629395
New best test loss at epoch 833: 5.512513637542725
New best test loss at epoch 834: 5.51250696182251
New best test loss at epoch 835: 5.5125017166137695
New best test loss at epoch 836: 5.512495040893555
New best test loss at epoch 837: 5.512490749359131
New best test loss at epoch 838: 5.512484073638916
New best test loss at epoch 839: 5.512478828430176
New best test loss at epoch 840: 5.5124735832214355
New best test loss at epoch 841: 5.512468338012695
New best test loss at epoch 842: 5.5124616622924805
New best test loss at epoch 843: 5.512455940246582
New best test loss at epoch 844: 5.512451648712158
New best test loss at epoch 845: 5.51244592666626
New best test loss at epoch 846: 5.512441158294678
New best test loss at epoch 847: 5.512435436248779
New best test loss at epoch 848: 5.512430191040039
New best test loss at epoch 849: 5.512423992156982
New best test loss at epoch 850: 5.512418746948242
New best test loss at epoch 851: 5.51241397857666
New best test loss at epoch 852: 5.51240873336792
New best test loss at epoch 853: 5.512402534484863
New best test loss at epoch 854: 5.5123982429504395
New best test loss at epoch 855: 5.512393474578857
New best test loss at epoch 856: 5.512388706207275
New best test loss at epoch 857: 5.512382984161377
New best test loss at epoch 858: 5.512378215789795
New best test loss at epoch 859: 5.512373447418213
New best test loss at epoch 860: 5.5123677253723145
New best test loss at epoch 861: 5.512362957000732
New best test loss at epoch 862: 5.512357234954834
New best test loss at epoch 863: 5.512352466583252
New best test loss at epoch 864: 5.51234769821167
New best test loss at epoch 865: 5.51234245300293
New best test loss at epoch 866: 5.5123372077941895
New best test loss at epoch 867: 5.512331485748291
New best test loss at epoch 868: 5.512326717376709
New best test loss at epoch 869: 5.512321949005127
New best test loss at epoch 870: 5.5123162269592285
New best test loss at epoch 871: 5.512311935424805
New best test loss at epoch 872: 5.512307643890381
New best test loss at epoch 873: 5.512300968170166
New best test loss at epoch 874: 5.512296676635742
New best test loss at epoch 875: 5.512293815612793
New best test loss at epoch 876: 5.5122880935668945
New best test loss at epoch 877: 5.512283802032471
New best test loss at epoch 878: 5.512278079986572
New best test loss at epoch 879: 5.512272834777832
New best test loss at epoch 880: 5.512268543243408
New best test loss at epoch 881: 5.51226282119751
New best test loss at epoch 882: 5.512258529663086
New best test loss at epoch 883: 5.512253761291504
New best test loss at epoch 884: 5.512248516082764
New best test loss at epoch 885: 5.51224422454834
New best test loss at epoch 886: 5.512239456176758
New best test loss at epoch 887: 5.512234687805176
New best test loss at epoch 888: 5.5122294425964355
New best test loss at epoch 889: 5.51222562789917
New best test loss at epoch 890: 5.512220859527588
New best test loss at epoch 891: 5.512217044830322
New best test loss at epoch 892: 5.51221227645874
New best test loss at epoch 893: 5.512209415435791
New best test loss at epoch 894: 5.512202739715576
New best test loss at epoch 895: 5.512199878692627
New best test loss at epoch 896: 5.512194633483887
New best test loss at epoch 897: 5.512190818786621
New best test loss at epoch 898: 5.512186527252197
New best test loss at epoch 899: 5.512180805206299
New best test loss at epoch 900: 5.512176990509033
New best test loss at epoch 901: 5.512173652648926
New best test loss at epoch 902: 5.512167930603027
New best test loss at epoch 903: 5.512164115905762
New best test loss at epoch 904: 5.512160301208496
New best test loss at epoch 905: 5.512156009674072
New best test loss at epoch 906: 5.512151718139648
New best test loss at epoch 907: 5.512147903442383
New best test loss at epoch 908: 5.512144088745117
New best test loss at epoch 909: 5.512138843536377
New best test loss at epoch 910: 5.5121355056762695
New best test loss at epoch 911: 5.512129783630371
New best test loss at epoch 912: 5.512126445770264
New best test loss at epoch 913: 5.512121200561523
New best test loss at epoch 914: 5.5121169090271
New best test loss at epoch 915: 5.512112617492676
New best test loss at epoch 916: 5.512109279632568
New best test loss at epoch 917: 5.512104511260986
New best test loss at epoch 918: 5.512099266052246
New best test loss at epoch 919: 5.512097358703613
New best test loss at epoch 920: 5.512092113494873
New best test loss at epoch 921: 5.512089729309082
New best test loss at epoch 922: 5.512085437774658
New best test loss at epoch 923: 5.512080669403076
New best test loss at epoch 924: 5.512075424194336
New best test loss at epoch 925: 5.512073040008545
New best test loss at epoch 926: 5.512068748474121
New best test loss at epoch 927: 5.512063503265381
New best test loss at epoch 928: 5.512059688568115
New best test loss at epoch 929: 5.512056827545166
New best test loss at epoch 930: 5.5120530128479
New best test loss at epoch 931: 5.512049198150635
New best test loss at epoch 932: 5.512044906616211
New best test loss at epoch 933: 5.512040615081787
New best test loss at epoch 934: 5.51203727722168
New best test loss at epoch 935: 5.512033939361572
New best test loss at epoch 936: 5.512030601501465
New best test loss at epoch 937: 5.512028217315674
New best test loss at epoch 938: 5.512022495269775
New best test loss at epoch 939: 5.512019157409668
New best test loss at epoch 940: 5.512015342712402
New best test loss at epoch 941: 5.512011528015137
New best test loss at epoch 942: 5.512007713317871
New best test loss at epoch 943: 5.5120038986206055
New best test loss at epoch 944: 5.51200008392334
New best test loss at epoch 945: 5.511996746063232
New best test loss at epoch 946: 5.511993885040283
New best test loss at epoch 947: 5.511988162994385
New best test loss at epoch 948: 5.511984825134277
New best test loss at epoch 949: 5.511979579925537
New best test loss at epoch 950: 5.511978626251221
New best test loss at epoch 951: 5.511975288391113
New best test loss at epoch 952: 5.511971950531006
New best test loss at epoch 953: 5.511968612670898
New best test loss at epoch 954: 5.511963367462158
New best test loss at epoch 955: 5.511959552764893
New best test loss at epoch 956: 5.511957168579102
New best test loss at epoch 957: 5.511953353881836
New best test loss at epoch 958: 5.5119500160217285
New best test loss at epoch 959: 5.511946678161621
New best test loss at epoch 960: 5.511943340301514
New best test loss at epoch 961: 5.5119404792785645
New best test loss at epoch 962: 5.511935234069824
New best test loss at epoch 963: 5.511933326721191
New best test loss at epoch 964: 5.511929988861084
New best test loss at epoch 965: 5.511926174163818
New best test loss at epoch 966: 5.511922836303711
New best test loss at epoch 967: 5.51192045211792
New best test loss at epoch 968: 5.511915683746338
New best test loss at epoch 969: 5.511912822723389
New best test loss at epoch 970: 5.511908531188965
New best test loss at epoch 971: 5.511906147003174
New best test loss at epoch 972: 5.511903762817383
New best test loss at epoch 973: 5.511898994445801
New best test loss at epoch 974: 5.51189661026001
New best test loss at epoch 975: 5.511892795562744
New best test loss at epoch 976: 5.5118889808654785
New best test loss at epoch 977: 5.511885643005371
New best test loss at epoch 978: 5.511884689331055
New best test loss at epoch 979: 5.511880397796631
New best test loss at epoch 980: 5.51187801361084
New best test loss at epoch 981: 5.511874198913574
New best test loss at epoch 982: 5.511871814727783
New best test loss at epoch 983: 5.511867046356201
New best test loss at epoch 984: 5.5118632316589355
New best test loss at epoch 985: 5.511862277984619
New best test loss at epoch 986: 5.5118584632873535
New best test loss at epoch 987: 5.511856555938721
New best test loss at epoch 988: 5.511853218078613
New best test loss at epoch 989: 5.511849403381348
New best test loss at epoch 990: 5.511847496032715
New best test loss at epoch 991: 5.511843681335449
New best test loss at epoch 992: 5.511841297149658
New best test loss at epoch 993: 5.511836528778076
New best test loss at epoch 994: 5.51183557510376
New best test loss at epoch 995: 5.5118303298950195
New best test loss at epoch 996: 5.5118279457092285
New best test loss at epoch 997: 5.511823654174805
New best test loss at epoch 998: 5.511822700500488
New best test loss at epoch 999: 5.5118184089660645

4: post-training actions
Regular stopping after 999 full epochs:

Epoch with lowest average test loss ("best epoch"): 999
RE-EVALUATING ALL DATA WITH BEST PARAMS:

SCORING ALL TRAIN SEQS

SCORING ALL TEST SEQS

TRAIN SET:
==========
final_ave_loss: -4834.1943359375
final_ave_loss_seqlen_normed: -5.5118184089660645
final_perplexity: 0.005671047139912844
final_ece: 0.004038756713271141

TEST SET:
==========
final_ave_loss: -4834.19482421875
final_ave_loss_seqlen_normed: -5.5118184089660645
final_perplexity: 0.005671047139912844
final_ece: 0.004038756713271141
